<?xml version="1.0" encoding="UTF-8"?>
<testng-results ignored="0" total="1" passed="1" failed="0" skipped="0">
  <reporter-output>
  </reporter-output>
  <suite started-at="2025-02-17T11:23:19Z" name="Default suite" finished-at="2025-02-17T11:23:56Z" duration-ms="37387">
    <groups>
    </groups>
    <test started-at="2025-02-17T11:23:19Z" name="Default test" finished-at="2025-02-17T11:23:56Z" duration-ms="37387">
      <class name="com.g3.beeChem.login">
        <test-method signature="login()[pri:0, instance:com.g3.beeChem.login@475c9c31]" started-at="2025-02-17T11:23:19Z" name="login" finished-at="2025-02-17T11:23:56Z" duration-ms="37371" status="PASS">
          <reporter-output>
          </reporter-output>
        </test-method> <!-- login -->
      </class> <!-- com.g3.beeChem.login -->
    </test> <!-- Default test -->
  </suite> <!-- Default suite -->
</testng-results>
